#
# There is insufficient memory for the Java Runtime Environment to continue.
# Native memory allocation (malloc) failed to allocate 1048576 bytes for AllocateHeap
# Possible reasons:
#   The system is out of physical RAM or swap space
#   The process is running with CompressedOops enabled, and the Java Heap may be blocking the growth of the native heap
# Possible solutions:
#   Reduce memory load on the system
#   Increase physical memory or swap space
#   Check if swap backing store is full
#   Decrease Java heap size (-Xmx/-Xms)
#   Decrease number of Java threads
#   Decrease Java thread stack sizes (-Xss)
#   Set larger code cache with -XX:ReservedCodeCacheSize=
# This output file may be truncated or incomplete.
#
#  Out of Memory Error (./open/src/hotspot/share/memory/allocation.cpp:46), pid=15816, tid=11976
#
# JRE version:  (11.0.11+9) (build )
# Java VM: Java HotSpot(TM) 64-Bit Server VM (11.0.11+9-LTS-194, mixed mode, sharing, tiered, compressed oops, g1 gc, windows-amd64)
# No core dump will be written. Minidumps are not enabled by default on client versions of Windows
#

---------------  S U M M A R Y ------------

Command Line: -Dfile.encoding=Cp1252 Principal

Host: Intel(R) Core(TM) i7-7500U CPU @ 2.70GHz, 4 cores, 11G,  Windows 10 , 64 bit Build 19041 (10.0.19041.1023)
Time: Thu Jul 22 10:05:05 2021 Hora est. Pacífico, Sudamérica elapsed time: 0.048162 seconds (0d 0h 0m 0s)

---------------  T H R E A D  ---------------

Current thread (0x000002083b433000):  JavaThread "Unknown thread" [_thread_in_vm, id=11976, stack(0x00000052d6c00000,0x00000052d6d00000)]

Stack: [0x00000052d6c00000,0x00000052d6d00000]
Native frames: (J=compiled Java code, j=interpreted, Vv=VM code, C=native code)
V  [jvm.dll+0x616f2a]
V  [jvm.dll+0x74de7f]
V  [jvm.dll+0x74f505]
V  [jvm.dll+0x74fb83]
V  [jvm.dll+0x2436d8]
V  [jvm.dll+0xb13b4]
V  [jvm.dll+0x2dc4b2]
V  [jvm.dll+0x2d6729]
V  [jvm.dll+0x7299e7]
V  [jvm.dll+0x72b28f]
V  [jvm.dll+0x34bd39]
V  [jvm.dll+0x70f360]
V  [jvm.dll+0x3b50df]
V  [jvm.dll+0x3b71e1]
C  [jli.dll+0x520b]
C  [ucrtbase.dll+0x21bb2]
C  [KERNEL32.DLL+0x17034]
C  [ntdll.dll+0x52651]


---------------  P R O C E S S  ---------------

Threads class SMR info:
_java_thread_list=0x0000020839a60840, length=0, elements={
}

Java Threads: ( => current thread )

Other Threads:
  0x000002083b449000 GCTaskThread "GC Thread#0" [stack: 0x00000052d6d00000,0x00000052d6e00000] [id=14308]

[error occurred during error reporting (printing all threads), id 0xc0000005, EXCEPTION_ACCESS_VIOLATION (0xc0000005) at pc=0x00007fff1b661a70]

VM state:not at safepoint (not fully initialized)

VM Mutex/Monitor currently owned by a thread:  ([mutex/lock_event])
[0x000002083b42f9b0] Heap_lock - owner thread: 0x000002083b433000

Heap address: 0x0000000741c00000, size: 3044 MB, Compressed Oops mode: Non-zero based: 0x0000000741c00000
Narrow klass base: 0x0000000000000000, Narrow klass shift: 0

GC Heap History (0 events):
No events

Deoptimization events (0 events):
No events

Classes redefined (0 events):
No events

Internal exceptions (0 events):
No events

Events (0 events):
No events


Dynamic libraries:
0x00007ff64f710000 - 0x00007ff64f71f000 	C:\Program Files\Java\jdk-11.0.11\bin\javaw.exe
0x00007fff564f0000 - 0x00007fff566e5000 	C:\WINDOWS\SYSTEM32\ntdll.dll
0x00007fff55e90000 - 0x00007fff55f4d000 	C:\WINDOWS\System32\KERNEL32.DLL
0x00007fff53cc0000 - 0x00007fff53f89000 	C:\WINDOWS\System32\KERNELBASE.dll
0x00007fff54300000 - 0x00007fff54400000 	C:\WINDOWS\System32\ucrtbase.dll
0x00007fff32f20000 - 0x00007fff32f38000 	C:\Program Files\Java\jdk-11.0.11\bin\jli.dll
0x00007fff54b90000 - 0x00007fff54c3c000 	C:\WINDOWS\System32\ADVAPI32.dll
0x00007fff56200000 - 0x00007fff5629e000 	C:\WINDOWS\System32\msvcrt.dll
0x00007fff35f30000 - 0x00007fff35f45000 	C:\Program Files\Java\jdk-11.0.11\bin\VCRUNTIME140.dll
0x00007fff54710000 - 0x00007fff547ab000 	C:\WINDOWS\System32\sechost.dll
0x00007fff560d0000 - 0x00007fff561fa000 	C:\WINDOWS\System32\RPCRT4.dll
0x00007fff55cf0000 - 0x00007fff55e90000 	C:\WINDOWS\System32\USER32.dll
0x00007fff53fe0000 - 0x00007fff54002000 	C:\WINDOWS\System32\win32u.dll
0x00007fff42cc0000 - 0x00007fff42f5a000 	C:\WINDOWS\WinSxS\amd64_microsoft.windows.common-controls_6595b64144ccf1df_6.0.19041.1110_none_60b5254171f9507e\COMCTL32.dll
0x00007fff55aa0000 - 0x00007fff55aca000 	C:\WINDOWS\System32\GDI32.dll
0x00007fff54010000 - 0x00007fff5411b000 	C:\WINDOWS\System32\gdi32full.dll
0x00007fff54180000 - 0x00007fff5421d000 	C:\WINDOWS\System32\msvcp_win.dll
0x00007fff4d270000 - 0x00007fff4d27a000 	C:\WINDOWS\SYSTEM32\VERSION.dll
0x00007fff56480000 - 0x00007fff564b0000 	C:\WINDOWS\System32\IMM32.DLL
0x00007fff28590000 - 0x00007fff2862b000 	C:\Program Files\Java\jdk-11.0.11\bin\msvcp140.dll
0x00007fff1b380000 - 0x00007fff1be7e000 	C:\Program Files\Java\jdk-11.0.11\bin\server\jvm.dll
0x00007fff562a0000 - 0x00007fff562a8000 	C:\WINDOWS\System32\PSAPI.DLL
0x00007fff47720000 - 0x00007fff47729000 	C:\WINDOWS\SYSTEM32\WSOCK32.dll
0x00007fff55c80000 - 0x00007fff55ceb000 	C:\WINDOWS\System32\WS2_32.dll
0x00007fff468b0000 - 0x00007fff468d7000 	C:\WINDOWS\SYSTEM32\WINMM.dll
0x00007fff52960000 - 0x00007fff52972000 	C:\WINDOWS\SYSTEM32\kernel.appcore.dll
0x00007fff36850000 - 0x00007fff36860000 	C:\Program Files\Java\jdk-11.0.11\bin\verify.dll
0x00007fff52250000 - 0x00007fff52434000 	C:\WINDOWS\SYSTEM32\DBGHELP.DLL
0x00007fff4b7f0000 - 0x00007fff4b81c000 	C:\WINDOWS\SYSTEM32\dbgcore.DLL
0x00007fff54400000 - 0x00007fff54483000 	C:\WINDOWS\System32\bcryptPrimitives.dll
0x00007fff297f0000 - 0x00007fff29818000 	C:\Program Files\Java\jdk-11.0.11\bin\java.dll
0x00007fff366a0000 - 0x00007fff366aa000 	C:\Program Files\Java\jdk-11.0.11\bin\jimage.dll
0x00007fff32f00000 - 0x00007fff32f16000 	C:\Program Files\Java\jdk-11.0.11\bin\zip.dll

dbghelp: loaded successfully - version: 4.0.5 - missing functions: none
symbol engine: initialized successfully - sym options: 0x614 - pdb path: .;C:\Program Files\Java\jdk-11.0.11\bin;C:\WINDOWS\SYSTEM32;C:\WINDOWS\WinSxS\amd64_microsoft.windows.common-controls_6595b64144ccf1df_6.0.19041.1110_none_60b5254171f9507e;C:\Program Files\Java\jdk-11.0.11\bin\server

VM Arguments:
jvm_args: -Dfile.encoding=Cp1252 
java_command: Principal
java_class_path (initial): C:\Users\cris-\eclipse-workspace\Proyecto2Parcial\bin
Launcher Type: SUN_STANDARD

[Global flags]
     intx CICompilerCount                          = 3                                         {product} {ergonomic}
     uint ConcGCThreads                            = 1                                         {product} {ergonomic}
     uint G1ConcRefinementThreads                  = 4                                         {product} {ergonomic}
   size_t G1HeapRegionSize                         = 1048576                                   {product} {ergonomic}
    uintx GCDrainStackTargetSize                   = 64                                        {product} {ergonomic}
   size_t InitialHeapSize                          = 201326592                                 {product} {ergonomic}
   size_t MarkStackSize                            = 4194304                                   {product} {ergonomic}
   size_t MaxHeapSize                              = 3191865344                                {product} {ergonomic}
   size_t MinHeapDeltaBytes                        = 1048576                                   {product} {ergonomic}
    uintx NonNMethodCodeHeapSize                   = 5830732                                {pd product} {ergonomic}
    uintx NonProfiledCodeHeapSize                  = 122913754                              {pd product} {ergonomic}
    uintx ProfiledCodeHeapSize                     = 122913754                              {pd product} {ergonomic}
    uintx ReservedCodeCacheSize                    = 251658240                              {pd product} {ergonomic}
     bool SegmentedCodeCache                       = true                                      {product} {ergonomic}
     bool UseCompressedClassPointers               = true                                 {lp64_product} {ergonomic}
     bool UseCompressedOops                        = true                                 {lp64_product} {ergonomic}
     bool UseG1GC                                  = true                                      {product} {ergonomic}
     bool UseLargePagesIndividualAllocation        = false                                  {pd product} {ergonomic}

Logging:
Log output configuration:
 #0: stdout all=warning uptime,level,tags
 #1: stderr all=off uptime,level,tags

Environment Variables:
PATH=C:\Program Files\Common Files\Oracle\Java\javapath;C:\Program Files (x86)\Intel\iCLS Client\;C:\Program Files\Intel\iCLS Client\;C:\Windows\system32;C:\Windows;C:\Windows\System32\Wbem;C:\Windows\System32\WindowsPowerShell\v1.0\;C:\Program Files (x86)\Intel\Intel(R) Management Engine Components\DAL;C:\Program Files\Intel\Intel(R) Management Engine Components\DAL;C:\Program Files (x86)\Intel\Intel(R) Management Engine Components\IPT;C:\Program Files\Intel\Intel(R) Management Engine Components\IPT;C:\Program Files (x86)\NVIDIA Corporation\PhysX\Common;C:\WINDOWS\system32;C:\WINDOWS;C:\WINDOWS\System32\Wbem;C:\WINDOWS\System32\WindowsPowerShell\v1.0\;C:\WINDOWS\System32\OpenSSH\;C:\Program Files\Wolfram Research\WolframScript\;C:\Program Files\Java\jdk-11.0.11\bin;C:\Users\cris-\AppData\Local\Microsoft\WindowsApps;C:\Users\cris-\AppData\Local\Programs\Microsoft VS Code\bin;C:\Program Files\CodeBlocks\MinGW\bin;C:\Users\cris-\AppData\Local\Programs\MiKTeX\miktex\bin\x64\
USERNAME=cris-
OS=Windows_NT
PROCESSOR_IDENTIFIER=Intel64 Family 6 Model 142 Stepping 9, GenuineIntel



---------------  S Y S T E M  ---------------

OS: Windows 10 , 64 bit Build 19041 (10.0.19041.1023)
Hyper-V role detected

CPU:total 4 (initial active 4) (2 cores per cpu, 2 threads per core) family 6 model 142 stepping 9 microcode 0xb4, cmov, cx8, fxsr, mmx, sse, sse2, sse3, ssse3, sse4.1, sse4.2, popcnt, avx, avx2, aes, clmul, erms, 3dnowpref, lzcnt, ht, tsc, tscinvbit, bmi1, bmi2, adx, fma

Memory: 4k page, system-wide physical 12168M (495M free)
TotalPageFile size 17268M (AvailPageFile size 5M)
current process WorkingSet (physical memory assigned to process): 10M, peak: 10M
current process commit charge ("private bytes"): 47M, peak: 48M

vm_info: Java HotSpot(TM) 64-Bit Server VM (11.0.11+9-LTS-194) for windows-amd64 JRE (11.0.11+9-LTS-194), built on Mar 18 2021 18:46:53 by "mach5one" with MS VC++ 15.9 (VS2017)

END.
